{
  "stats": {
    "suites": 7,
    "tests": 36,
    "passes": 28,
    "pending": 0,
    "failures": 8,
    "start": "2019-03-17T08:00:38.500Z",
    "end": "2019-03-17T08:01:02.989Z",
    "duration": 24489,
    "testsRegistered": 36,
    "passPercent": 77.8,
    "pendingPercent": 0,
    "other": 0,
    "hasOther": false,
    "skipped": 0,
    "hasSkipped": false,
    "passPercentClass": "warning",
    "pendingPercentClass": "danger"
  },
  "suites": {
    "uuid": "c7beec9a-2faf-4c14-aaa7-6c5574a53016",
    "title": "",
    "fullFile": "",
    "file": "",
    "beforeHooks": [],
    "afterHooks": [],
    "tests": [],
    "suites": [
      {
        "uuid": "d1752bf9-2224-4486-87b4-8ea7d0c183b0",
        "title": "check payment_method",
        "fullFile": "C:\\me\\github\\airwallex\\test\\bankPost.test.js",
        "file": "\\test\\bankPost.test.js",
        "beforeHooks": [],
        "afterHooks": [],
        "tests": [
          {
            "title": "ENT_001_payment_method is SWIFT success-Bank details saved",
            "fullTitle": "check payment_method ENT_001_payment_method is SWIFT success-Bank details saved",
            "timedOut": false,
            "duration": 490,
            "state": "passed",
            "speed": "slow",
            "pass": true,
            "fail": false,
            "pending": false,
            "code": "this.retries(1);\n        var postBody = {\n            \"payment_method\": \"SWIFT\",\n            \"bank_country_code\": \"CN\",\n            \"account_name\": \"中文\",\n            \"account_number\": \"12345678\",\n            \"swift_code\": \"ICBCCNBJ\",\n            \"aba\": \"\",\n            \"bsb\": \"\"\n            };\n        var expectBody = {\"success\": \"Bank details saved\"};\n        var expectStatus = 200;\n        testPostBank(postBody, expectBody, expectStatus, done);",
            "err": {},
            "isRoot": false,
            "uuid": "725610c6-5618-4243-8e9f-caf256db8f70",
            "isHook": false,
            "skipped": false
          },
          {
            "title": "ENT_002_payment_method is LOCAL success-Bank details saved",
            "fullTitle": "check payment_method ENT_002_payment_method is LOCAL success-Bank details saved",
            "timedOut": false,
            "duration": 613,
            "state": "passed",
            "speed": "slow",
            "pass": true,
            "fail": false,
            "pending": false,
            "code": "this.retries(1);\n        var postBody = {\n            \"payment_method\": \"LOCAL\",\n            \"bank_country_code\": \"US\",\n            \"account_name\": \"John'Smith\",\n            \"account_number\": \"12345678901234567\",\n            \"swift_code\": \"\",\n            \"aba\": \"123456789\",\n            \"bsb\": \"\"\n            };\n        var expectBody = {\"success\": \"Bank details saved\"};\n        var expectStatus = 200;\n        testPostBank(postBody, expectBody, expectStatus, done);",
            "err": {},
            "isRoot": false,
            "uuid": "55e05681-4cc6-48e8-9ce5-125641ca22dc",
            "isHook": false,
            "skipped": false
          },
          {
            "title": "ENT_003_payment_method is required\"",
            "fullTitle": "check payment_method ENT_003_payment_method is required\"",
            "timedOut": false,
            "duration": 664,
            "state": "passed",
            "speed": "slow",
            "pass": true,
            "fail": false,
            "pending": false,
            "code": "this.retries(1);\n        var postBody = {\n            \"payment_method\": \"\",\n            \"bank_country_code\": \"AU\",\n            \"account_name\": \"John Smith\",\n            \"account_number\": \"1234567\",\n            \"swift_code\": \"\",\n            \"aba\": \"\",\n            \"bsb\": \"123456\"\n            };\n        var expectBody = {\"error\": \"'payment_method' field required, the value should be either 'LOCAL' or 'SWIFT'\"};\n        var expectStatus = 400;\n        testPostBank(postBody, expectBody, expectStatus, done);",
            "err": {},
            "isRoot": false,
            "uuid": "b99cb076-40c9-4b21-917d-974e31300236",
            "isHook": false,
            "skipped": false
          },
          {
            "title": "ENT_004_payment_method should not be either LOCAL or SWIFT",
            "fullTitle": "check payment_method ENT_004_payment_method should not be either LOCAL or SWIFT",
            "timedOut": false,
            "duration": 477,
            "state": "passed",
            "speed": "slow",
            "pass": true,
            "fail": false,
            "pending": false,
            "code": "this.retries(1);\n        var postBody = {\n            \"payment_method\": \"test\",\n            \"bank_country_code\": \"US\",\n            \"account_name\": \"John Smith\",\n            \"account_number\": \"123\",\n            \"swift_code\": \"\",\n            \"aba\": \"\",\n            \"bsb\": \"\"\n            };\n        var expectBody = {\"error\": \"'payment_method' field required, the value should be either 'LOCAL' or 'SWIFT'\"};\n        var expectStatus = 400;\n        testPostBank(postBody, expectBody, expectStatus, done);",
            "err": {},
            "isRoot": false,
            "uuid": "1a85e2a9-5b0d-4f48-ad89-6f6462f15081",
            "isHook": false,
            "skipped": false
          }
        ],
        "suites": [],
        "passes": [
          "725610c6-5618-4243-8e9f-caf256db8f70",
          "55e05681-4cc6-48e8-9ce5-125641ca22dc",
          "b99cb076-40c9-4b21-917d-974e31300236",
          "1a85e2a9-5b0d-4f48-ad89-6f6462f15081"
        ],
        "failures": [],
        "pending": [],
        "skipped": [],
        "duration": 2244,
        "root": false,
        "rootEmpty": false,
        "_timeout": 2000
      },
      {
        "uuid": "09af80f1-2c48-472f-ba8e-80e387ca4d91",
        "title": "check bank_country_code",
        "fullFile": "C:\\me\\github\\airwallex\\test\\bankPost.test.js",
        "file": "\\test\\bankPost.test.js",
        "beforeHooks": [],
        "afterHooks": [],
        "tests": [
          {
            "title": "ENT_001_bank_country_code should be AU success-Bank details saved",
            "fullTitle": "check bank_country_code ENT_001_bank_country_code should be AU success-Bank details saved",
            "timedOut": false,
            "duration": 632,
            "state": "passed",
            "speed": "slow",
            "pass": true,
            "fail": false,
            "pending": false,
            "code": "this.retries(1);\n        var postBody = {\n            \"payment_method\": \"LOCAL\",\n            \"bank_country_code\": \"AU\",\n            \"account_name\": \"John_Smith\",\n            \"account_number\": \"卡号3456789\",\n            \"swift_code\": \"\",\n            \"aba\": \"\",\n            \"bsb\": \"123456\"\n            };\n        var expectBody = {\"success\": \"Bank details saved\"};\n        var expectStatus = 200;\n        testPostBank(postBody, expectBody, expectStatus, done);",
            "err": {},
            "isRoot": false,
            "uuid": "4511b68a-6a3a-41bb-b301-cd6ebd0f7a60",
            "isHook": false,
            "skipped": false
          },
          {
            "title": "ENT_002_bank_country_code is required",
            "fullTitle": "check bank_country_code ENT_002_bank_country_code is required",
            "timedOut": false,
            "duration": 458,
            "state": "passed",
            "speed": "slow",
            "pass": true,
            "fail": false,
            "pending": false,
            "code": "this.retries(1);\n        var postBody = {\n            \"payment_method\": \"LOCAL\",\n            \"bank_country_code\": \"\",\n            \"account_name\": \"John Smith\",\n            \"account_number\": \"123\",\n            \"swift_code\": \"\",\n            \"aba\": \"\"\n            };\n        var expectBody = {\"error\": \"'bank_country_code' is required, and should be one of 'US', 'AU', or 'CN'\"};\n        var expectStatus = 400;\n        testPostBank(postBody, expectBody, expectStatus, done);",
            "err": {},
            "isRoot": false,
            "uuid": "06388a94-9209-443a-ac13-08b0b225e334",
            "isHook": false,
            "skipped": false
          },
          {
            "title": "ENT_003_bank_country_code should be one of US, AU, or CN",
            "fullTitle": "check bank_country_code ENT_003_bank_country_code should be one of US, AU, or CN",
            "timedOut": false,
            "duration": 1699,
            "state": "passed",
            "speed": "slow",
            "pass": true,
            "fail": false,
            "pending": false,
            "code": "this.retries(1);\n        var postBody = {\n            \"payment_method\": \"LOCAL\",\n            \"bank_country_code\": \"us\",\n            \"account_name\": \"John Smith\",\n            \"account_number\": \"123\",\n            \"swift_code\": \"ICBCUSBJ\",\n            \"aba\": \"11122233A\"\n            };\n        var expectBody = {\"error\": \"'bank_country_code' is required, and should be one of 'US', 'AU', or 'CN'\"};\n        var expectStatus = 400;\n        testPostBank(postBody, expectBody, expectStatus, done);",
            "err": {},
            "isRoot": false,
            "uuid": "9c49a793-92dc-4d28-bdc3-3e517414fdf2",
            "isHook": false,
            "skipped": false
          }
        ],
        "suites": [],
        "passes": [
          "4511b68a-6a3a-41bb-b301-cd6ebd0f7a60",
          "06388a94-9209-443a-ac13-08b0b225e334",
          "9c49a793-92dc-4d28-bdc3-3e517414fdf2"
        ],
        "failures": [],
        "pending": [],
        "skipped": [],
        "duration": 2789,
        "root": false,
        "rootEmpty": false,
        "_timeout": 2000
      },
      {
        "uuid": "32ebb041-be0d-4ceb-86d1-bc5e9607dcc4",
        "title": "check account_name",
        "fullFile": "C:\\me\\github\\airwallex\\test\\bankPost.test.js",
        "file": "\\test\\bankPost.test.js",
        "beforeHooks": [],
        "afterHooks": [],
        "tests": [
          {
            "title": "ENT_001_account_name should be avaliable success-Bank details saved",
            "fullTitle": "check account_name ENT_001_account_name should be avaliable success-Bank details saved",
            "timedOut": false,
            "duration": 692,
            "state": "passed",
            "speed": "slow",
            "pass": true,
            "fail": false,
            "pending": false,
            "code": "this.retries(1);\n        var postBody = {\n            \"payment_method\": \"LOCAL\",\n            \"bank_country_code\": \"AU\",\n            \"account_name\": \"J~!12.\",\n            \"account_number\": \"卡~!a。6.\",\n            \"swift_code\": \"\",\n            \"aba\": \"\",\n            \"bsb\": \"123456\"\n            };\n        var expectBody = {\"success\": \"Bank details saved\"};\n        var expectStatus = 200;\n        testPostBank(postBody, expectBody, expectStatus, done);",
            "err": {},
            "isRoot": false,
            "uuid": "22d61bd4-e622-430d-8689-6a6e729408e9",
            "isHook": false,
            "skipped": false
          },
          {
            "title": "ENT_002_account_name is required",
            "fullTitle": "check account_name ENT_002_account_name is required",
            "timedOut": false,
            "duration": 695,
            "state": "passed",
            "speed": "slow",
            "pass": true,
            "fail": false,
            "pending": false,
            "code": "this.retries(1);\n        var postBody = {\n            \"payment_method\": \"LOCAL\",\n            \"bank_country_code\": \"US\",\n            \"account_name\": \"\",\n            \"account_number\": \"123\",\n            \"swift_code\": \"ICBCUSBJ\",\n            \"aba\": \"11122233A\"\n            };\n        var expectBody = {\"error\": \"'account_name' is required\"};\n        var expectStatus = 400;\n        testPostBank(postBody, expectBody, expectStatus, done);",
            "err": {},
            "isRoot": false,
            "uuid": "6e0bc2ff-f5f6-473b-b89c-3bca739307c8",
            "isHook": false,
            "skipped": false
          },
          {
            "title": "ENT_003_Length of account_name < 2",
            "fullTitle": "check account_name ENT_003_Length of account_name < 2",
            "timedOut": false,
            "duration": 478,
            "state": "passed",
            "speed": "slow",
            "pass": true,
            "fail": false,
            "pending": false,
            "code": "this.retries(1);\n        var postBody = {\n            \"payment_method\": \"LOCAL\",\n            \"bank_country_code\": \"US\",\n            \"account_name\": \"a\",\n            \"account_number\": \"123\",\n            \"swift_code\": \"\",\n            \"aba\": \"\"\n            };\n        var expectBody = {\"error\": \"Length of account_name should be between 2 and 10\"};\n        var expectStatus = 400;\n        testPostBank(postBody, expectBody, expectStatus, done);",
            "err": {},
            "isRoot": false,
            "uuid": "33b56d8c-c17b-4652-ae50-17eb6467c745",
            "isHook": false,
            "skipped": false
          },
          {
            "title": "ENT_004_Length of account_name > 10",
            "fullTitle": "check account_name ENT_004_Length of account_name > 10",
            "timedOut": false,
            "duration": 634,
            "state": "passed",
            "speed": "slow",
            "pass": true,
            "fail": false,
            "pending": false,
            "code": "this.retries(1);\n        var postBody = {\n            \"payment_method\": \"LOCAL\",\n            \"bank_country_code\": \"US\",\n            \"account_name\": \"12345678901\",\n            \"account_number\": \"123\",\n            \"swift_code\": \"\",\n            \"aba\": \"11122233A\"\n            };\n        var expectBody = {\"error\": \"Length of account_name should be between 2 and 10\"};\n        var expectStatus = 400;\n        testPostBank(postBody, expectBody, expectStatus, done);",
            "err": {},
            "isRoot": false,
            "uuid": "5fb6bb29-0b25-43ec-838a-6d87402a20f8",
            "isHook": false,
            "skipped": false
          }
        ],
        "suites": [],
        "passes": [
          "22d61bd4-e622-430d-8689-6a6e729408e9",
          "6e0bc2ff-f5f6-473b-b89c-3bca739307c8",
          "33b56d8c-c17b-4652-ae50-17eb6467c745",
          "5fb6bb29-0b25-43ec-838a-6d87402a20f8"
        ],
        "failures": [],
        "pending": [],
        "skipped": [],
        "duration": 2499,
        "root": false,
        "rootEmpty": false,
        "_timeout": 2000
      },
      {
        "uuid": "9202ed30-aaff-4174-8767-0826fc533e79",
        "title": "check account_number",
        "fullFile": "C:\\me\\github\\airwallex\\test\\bankPost.test.js",
        "file": "\\test\\bankPost.test.js",
        "beforeHooks": [],
        "afterHooks": [],
        "tests": [
          {
            "title": "ENT_001_account_number should be avaliable success-Bank details saved",
            "fullTitle": "check account_number ENT_001_account_number should be avaliable success-Bank details saved",
            "timedOut": false,
            "duration": 471,
            "state": "passed",
            "speed": "slow",
            "pass": true,
            "fail": false,
            "pending": false,
            "code": "this.retries(1);\n        var postBody = {\n            \"payment_method\": \"LOCAL\",\n            \"bank_country_code\": \"US\",\n            \"account_name\": \"J~!12.\",\n            \"account_number\": \"1\",\n            \"swift_code\": \"\",\n            \"aba\": \"123456789\",\n            \"bsb\": \"\"\n            };\n        var expectBody = {\"success\": \"Bank details saved\"};\n        var expectStatus = 200;\n        testPostBank(postBody, expectBody, expectStatus, done);",
            "err": {},
            "isRoot": false,
            "uuid": "f6c48b66-dcc2-4e8b-99c3-f44adef21582",
            "isHook": false,
            "skipped": false
          },
          {
            "title": "ENT_002_account_number is required",
            "fullTitle": "check account_number ENT_002_account_number is required",
            "timedOut": false,
            "duration": 593,
            "state": "passed",
            "speed": "slow",
            "pass": true,
            "fail": false,
            "pending": false,
            "code": "this.retries(1);\n        var postBody = {\n            \"payment_method\": \"SWIFT\",\n            \"bank_country_code\": \"US\",\n            \"account_name\": \"John Smith\",\n            \"account_number\": \"\",\n            \"swift_code\": \"ICBCUSBJ\",\n            \"aba\": \"11122233A\"\n            };\n        var expectBody = {\"error\": \"'account_number' is required\"};\n        var expectStatus = 400;\n        testPostBank(postBody, expectBody, expectStatus, done);",
            "err": {},
            "isRoot": false,
            "uuid": "b9362689-c17a-48f1-a0ed-5b478706f2c9",
            "isHook": false,
            "skipped": false
          },
          {
            "title": "ENT_003_Length of account_number > 17 when bank_country_code is US ",
            "fullTitle": "check account_number ENT_003_Length of account_number > 17 when bank_country_code is US ",
            "timedOut": false,
            "duration": 0,
            "state": "failed",
            "pass": false,
            "fail": true,
            "pending": false,
            "code": "this.retries(1);\n        var postBody = {\n            \"payment_method\": \"SWIFT\",\n            \"bank_country_code\": \"US\",\n            \"account_name\": \"John Smith\",\n            \"account_number\": \"123456789012345678\",\n            \"swift_code\": \"ICBCUSBJ\",\n            \"aba\": \"11122233A\"\n            };\n        var expectBody = {\"error\": \"Length of account_number should be between 1 and 17 when bank_country_code is 'US'\"};\n        var expectStatus = 400;\n        testPostBank(postBody, expectBody, expectStatus, done);",
            "err": {
              "message": "AssertionError: expected { Object (error) } to deeply equal { Object (error) }",
              "estack": "AssertionError: expected { Object (error) } to deeply equal { Object (error) }\n    at Test.<anonymous> (library\\postFunction.js:16:27)\n    at Test.assert (node_modules\\supertest\\lib\\test.js:181:6)\n    at localAssert (node_modules\\supertest\\lib\\test.js:131:12)\n    at C:\\me\\github\\airwallex\\node_modules\\supertest\\lib\\test.js:128:5\n    at Test.Request.callback (node_modules\\superagent\\lib\\node\\index.js:826:3)\n    at parser (node_modules\\superagent\\lib\\node\\index.js:1036:18)\n    at IncomingMessage.res.on (node_modules\\superagent\\lib\\node\\parsers\\json.js:19:7)\n    at endReadableNT (_stream_readable.js:1056:12)\n    at _combinedTickCallback (internal/process/next_tick.js:138:11)\n    at process._tickCallback (internal/process/next_tick.js:180:9)",
              "diff": " {\n-   \"error\": \"Length of account_number should be between 7 and 11 when bank_country_code is 'US'\"\n+   \"error\": \"Length of account_number should be between 1 and 17 when bank_country_code is 'US'\"\n }\n"
            },
            "isRoot": false,
            "uuid": "6c362e1c-b655-4da4-bbe7-2f70e3b61467",
            "isHook": false,
            "skipped": false
          },
          {
            "title": "ENT_004_Length of account_number > 9 when bank_country_code is AU ",
            "fullTitle": "check account_number ENT_004_Length of account_number > 9 when bank_country_code is AU ",
            "timedOut": false,
            "duration": 0,
            "state": "failed",
            "pass": false,
            "fail": true,
            "pending": false,
            "code": "this.retries(1);\n        var postBody = {\n            \"payment_method\": \"SWIFT\",\n            \"bank_country_code\": \"AU\",\n            \"account_name\": \"John Smith\",\n            \"account_number\": \"1234567890\",\n            \"swift_code\": \"ICBCAUBJ\",\n            \"aba\": \"\",\n            \"bsb\": \"123456\"\n            };\n        var expectBody = {\"error\": \"Length of account_number should be between 6 and 9 when bank_country_code is 'AU'\"};\n        var expectStatus = 400;\n        testPostBank(postBody, expectBody, expectStatus, done);",
            "err": {
              "message": "AssertionError: expected { Object (error) } to deeply equal { Object (error) }",
              "estack": "AssertionError: expected { Object (error) } to deeply equal { Object (error) }\n    at Test.<anonymous> (library\\postFunction.js:16:27)\n    at Test.assert (node_modules\\supertest\\lib\\test.js:181:6)\n    at localAssert (node_modules\\supertest\\lib\\test.js:131:12)\n    at C:\\me\\github\\airwallex\\node_modules\\supertest\\lib\\test.js:128:5\n    at Test.Request.callback (node_modules\\superagent\\lib\\node\\index.js:826:3)\n    at parser (node_modules\\superagent\\lib\\node\\index.js:1036:18)\n    at IncomingMessage.res.on (node_modules\\superagent\\lib\\node\\parsers\\json.js:19:7)\n    at endReadableNT (_stream_readable.js:1056:12)\n    at _combinedTickCallback (internal/process/next_tick.js:138:11)\n    at process._tickCallback (internal/process/next_tick.js:180:9)",
              "diff": " {\n-   \"error\": \"Length of account_number should be between 7 and 11 when bank_country_code is 'US'\"\n+   \"error\": \"Length of account_number should be between 6 and 9 when bank_country_code is 'AU'\"\n }\n"
            },
            "isRoot": false,
            "uuid": "29467beb-3dfd-48a0-a0b1-71d43dc2d3e1",
            "isHook": false,
            "skipped": false
          },
          {
            "title": "ENT_005_Length of account_number < 6 when bank_country_code is AU ",
            "fullTitle": "check account_number ENT_005_Length of account_number < 6 when bank_country_code is AU ",
            "timedOut": false,
            "duration": 0,
            "state": "failed",
            "pass": false,
            "fail": true,
            "pending": false,
            "code": "this.retries(1);\n        var postBody = {\n            \"payment_method\": \"LOCAL\",\n            \"bank_country_code\": \"AU\",\n            \"account_name\": \"John Smith\",\n            \"account_number\": \"12345\",\n            \"swift_code\": \"\",\n            \"aba\": \"\",\n            \"bsb\": \"123456\"\n            };\n        var expectBody = {\"error\": \"Length of account_number should be between 6 and 9 when bank_country_code is 'AU'\"};\n        var expectStatus = 400;\n        testPostBank(postBody, expectBody, expectStatus, done);",
            "err": {
              "message": "AssertionError: expected { Object (error) } to deeply equal { Object (error) }",
              "estack": "AssertionError: expected { Object (error) } to deeply equal { Object (error) }\n    at Test.<anonymous> (library\\postFunction.js:16:27)\n    at Test.assert (node_modules\\supertest\\lib\\test.js:181:6)\n    at localAssert (node_modules\\supertest\\lib\\test.js:131:12)\n    at C:\\me\\github\\airwallex\\node_modules\\supertest\\lib\\test.js:128:5\n    at Test.Request.callback (node_modules\\superagent\\lib\\node\\index.js:826:3)\n    at parser (node_modules\\superagent\\lib\\node\\index.js:1036:18)\n    at IncomingMessage.res.on (node_modules\\superagent\\lib\\node\\parsers\\json.js:19:7)\n    at endReadableNT (_stream_readable.js:1056:12)\n    at _combinedTickCallback (internal/process/next_tick.js:138:11)\n    at process._tickCallback (internal/process/next_tick.js:180:9)",
              "diff": " {\n-   \"error\": \"Length of account_number should be between 7 and 11 when bank_country_code is 'US'\"\n+   \"error\": \"Length of account_number should be between 6 and 9 when bank_country_code is 'AU'\"\n }\n"
            },
            "isRoot": false,
            "uuid": "f0e8670f-be3a-4aa8-b24f-d16d7a20973a",
            "isHook": false,
            "skipped": false
          },
          {
            "title": "ENT_006_Length of account_number < 8 when bank_country_code is CN ",
            "fullTitle": "check account_number ENT_006_Length of account_number < 8 when bank_country_code is CN ",
            "timedOut": false,
            "duration": 0,
            "state": "failed",
            "pass": false,
            "fail": true,
            "pending": false,
            "code": "this.retries(1);\n        var postBody = {\n            \"payment_method\": \"LOCAL\",\n            \"bank_country_code\": \"CN\",\n            \"account_name\": \"John Smith\",\n            \"account_number\": \"12345\",\n            \"swift_code\": \"\",\n            \"aba\": \"\",\n            \"bsb\": \"\"\n            };\n        var expectBody = {\"error\": \"Length of account_number should be between 8 and 20 when bank_country_code is 'CN'\"};\n        var expectStatus = 400;\n        testPostBank(postBody, expectBody, expectStatus, done);",
            "err": {
              "message": "AssertionError: expected { Object (error) } to deeply equal { Object (error) }",
              "estack": "AssertionError: expected { Object (error) } to deeply equal { Object (error) }\n    at Test.<anonymous> (library\\postFunction.js:16:27)\n    at Test.assert (node_modules\\supertest\\lib\\test.js:181:6)\n    at localAssert (node_modules\\supertest\\lib\\test.js:131:12)\n    at C:\\me\\github\\airwallex\\node_modules\\supertest\\lib\\test.js:128:5\n    at Test.Request.callback (node_modules\\superagent\\lib\\node\\index.js:826:3)\n    at parser (node_modules\\superagent\\lib\\node\\index.js:1036:18)\n    at IncomingMessage.res.on (node_modules\\superagent\\lib\\node\\parsers\\json.js:19:7)\n    at endReadableNT (_stream_readable.js:1056:12)\n    at _combinedTickCallback (internal/process/next_tick.js:138:11)\n    at process._tickCallback (internal/process/next_tick.js:180:9)",
              "diff": " {\n-   \"error\": \"Length of account_number should be between 7 and 11 when bank_country_code is 'US'\"\n+   \"error\": \"Length of account_number should be between 8 and 20 when bank_country_code is 'CN'\"\n }\n"
            },
            "isRoot": false,
            "uuid": "7304dd20-6b8e-417e-8d9f-2e01f8b96135",
            "isHook": false,
            "skipped": false
          },
          {
            "title": "ENT_007_Length of account_number > 20 when bank_country_code is CN ",
            "fullTitle": "check account_number ENT_007_Length of account_number > 20 when bank_country_code is CN ",
            "timedOut": false,
            "duration": 0,
            "state": "failed",
            "pass": false,
            "fail": true,
            "pending": false,
            "code": "this.retries(1);\n        var postBody = {\n            \"payment_method\": \"LOCAL\",\n            \"bank_country_code\": \"CN\",\n            \"account_name\": \"John Smith\",\n            \"account_number\": \"123456789012345678901\",\n            \"swift_code\": \"\",\n            \"aba\": \"\",\n            \"bsb\": \"\"\n            };\n        var expectBody = {\"error\": \"Length of account_number should be between 8 and 20 when bank_country_code is 'CN'\"};\n        var expectStatus = 400;\n        testPostBank(postBody, expectBody, expectStatus, done);",
            "err": {
              "message": "AssertionError: expected { Object (error) } to deeply equal { Object (error) }",
              "estack": "AssertionError: expected { Object (error) } to deeply equal { Object (error) }\n    at Test.<anonymous> (library\\postFunction.js:16:27)\n    at Test.assert (node_modules\\supertest\\lib\\test.js:181:6)\n    at localAssert (node_modules\\supertest\\lib\\test.js:131:12)\n    at C:\\me\\github\\airwallex\\node_modules\\supertest\\lib\\test.js:128:5\n    at Test.Request.callback (node_modules\\superagent\\lib\\node\\index.js:826:3)\n    at parser (node_modules\\superagent\\lib\\node\\index.js:1036:18)\n    at IncomingMessage.res.on (node_modules\\superagent\\lib\\node\\parsers\\json.js:19:7)\n    at endReadableNT (_stream_readable.js:1056:12)\n    at _combinedTickCallback (internal/process/next_tick.js:138:11)\n    at process._tickCallback (internal/process/next_tick.js:180:9)",
              "diff": " {\n-   \"error\": \"Length of account_number should be between 7 and 11 when bank_country_code is 'US'\"\n+   \"error\": \"Length of account_number should be between 8 and 20 when bank_country_code is 'CN'\"\n }\n"
            },
            "isRoot": false,
            "uuid": "ad8fab12-c28d-4cc4-bfe1-86bfb4ce9289",
            "isHook": false,
            "skipped": false
          }
        ],
        "suites": [],
        "passes": [
          "f6c48b66-dcc2-4e8b-99c3-f44adef21582",
          "b9362689-c17a-48f1-a0ed-5b478706f2c9"
        ],
        "failures": [
          "6c362e1c-b655-4da4-bbe7-2f70e3b61467",
          "29467beb-3dfd-48a0-a0b1-71d43dc2d3e1",
          "f0e8670f-be3a-4aa8-b24f-d16d7a20973a",
          "7304dd20-6b8e-417e-8d9f-2e01f8b96135",
          "ad8fab12-c28d-4cc4-bfe1-86bfb4ce9289"
        ],
        "pending": [],
        "skipped": [],
        "duration": null,
        "root": false,
        "rootEmpty": false,
        "_timeout": 2000
      },
      {
        "uuid": "7e54c634-c86f-42a3-a09e-773862ed6dfc",
        "title": "check swift_code",
        "fullFile": "C:\\me\\github\\airwallex\\test\\bankPost.test.js",
        "file": "\\test\\bankPost.test.js",
        "beforeHooks": [],
        "afterHooks": [],
        "tests": [
          {
            "title": "ENT_001_swift_code is required when payment method is SWIFT",
            "fullTitle": "check swift_code ENT_001_swift_code is required when payment method is SWIFT",
            "timedOut": false,
            "duration": 668,
            "state": "passed",
            "speed": "slow",
            "pass": true,
            "fail": false,
            "pending": false,
            "code": "this.retries(1);\n        var postBody = {\n            \"payment_method\": \"SWIFT\",\n            \"bank_country_code\": \"US\",\n            \"account_name\": \"John Smith\",\n            \"account_number\": \"1234567890\",\n            \"swift_code\": \"\",\n            \"aba\": \"\",\n            \"bsb\": \"\"\n            };\n        var expectBody = {\"error\": \"'swift_code' is required when payment method is 'SWIFT'\"};\n        var expectStatus = 400;\n        testPostBank(postBody, expectBody, expectStatus, done);",
            "err": {},
            "isRoot": false,
            "uuid": "a3ded8be-0de4-4290-ad75-ee4fe5dfc09e",
            "isHook": false,
            "skipped": false
          },
          {
            "title": "ENT_002_swift_code is not valid for the given bank country code: US",
            "fullTitle": "check swift_code ENT_002_swift_code is not valid for the given bank country code: US",
            "timedOut": false,
            "duration": 593,
            "state": "passed",
            "speed": "slow",
            "pass": true,
            "fail": false,
            "pending": false,
            "code": "this.retries(1);\n        var postBody = {\n            \"payment_method\": \"SWIFT\",\n            \"bank_country_code\": \"US\",\n            \"account_name\": \"John Smith\",\n            \"account_number\": \"1234567890\",\n            \"swift_code\": \"ICBCusBJ\",\n            \"aba\": \"\",\n            \"bsb\": \"\"\n            };\n        var expectBody = {\"error\": \"The swift code is not valid for the given bank country code: US\"};\n        var expectStatus = 400;\n        testPostBank(postBody, expectBody, expectStatus, done);",
            "err": {},
            "isRoot": false,
            "uuid": "0d0e47e4-e132-4e57-87b7-dfa9bca7c0ff",
            "isHook": false,
            "skipped": false
          },
          {
            "title": "ENT_003_swift_code is not required when payment method is LOCAL success-Bank details saved",
            "fullTitle": "check swift_code ENT_003_swift_code is not required when payment method is LOCAL success-Bank details saved",
            "timedOut": false,
            "duration": 700,
            "state": "passed",
            "speed": "slow",
            "pass": true,
            "fail": false,
            "pending": false,
            "code": "this.retries(1);\n        var postBody = {\n            \"payment_method\": \"LOCAL\",\n            \"bank_country_code\": \"AU\",\n            \"account_name\": \"John Smith\",\n            \"account_number\": \"123456\",\n            \"swift_code\": \"\",\n            \"aba\": \"\",\n            \"bsb\": \"11@aA中\"\n            };\n        var expectBody = {\"success\": \"Bank details saved\"};\n        var expectStatus = 200;\n        testPostBank(postBody, expectBody, expectStatus, done);",
            "err": {},
            "isRoot": false,
            "uuid": "cddb732e-4a06-46f0-a58c-b8502c318d87",
            "isHook": false,
            "skipped": false
          },
          {
            "title": "ENT_004_swift_code is not valid for the given bank country code: AU",
            "fullTitle": "check swift_code ENT_004_swift_code is not valid for the given bank country code: AU",
            "timedOut": false,
            "duration": 646,
            "state": "passed",
            "speed": "slow",
            "pass": true,
            "fail": false,
            "pending": false,
            "code": "this.retries(1);\n        var postBody = {\n            \"payment_method\": \"SWIFT\",\n            \"bank_country_code\": \"AU\",\n            \"account_name\": \"John Smith\",\n            \"account_number\": \"123456\",\n            \"swift_code\": \"ICBCaaBJ\",\n            \"aba\": \"\",\n            \"bsb\": \"1@aA中。\"\n            };\n        var expectBody = {\"error\": \"The swift code is not valid for the given bank country code: AU\"};\n        var expectStatus = 400;\n        testPostBank(postBody, expectBody, expectStatus, done);",
            "err": {},
            "isRoot": false,
            "uuid": "46560af1-751d-42c5-8586-3ecbc57d7e62",
            "isHook": false,
            "skipped": false
          },
          {
            "title": "ENT_005_swift_code is not valid for the given bank country code: CN",
            "fullTitle": "check swift_code ENT_005_swift_code is not valid for the given bank country code: CN",
            "timedOut": false,
            "duration": 1677,
            "state": "passed",
            "speed": "slow",
            "pass": true,
            "fail": false,
            "pending": false,
            "code": "this.retries(1);\n        var postBody = {\n            \"payment_method\": \"SWIFT\",\n            \"bank_country_code\": \"CN\",\n            \"account_name\": \"John Smith\",\n            \"account_number\": \"123456789\",\n            \"swift_code\": \"ICBCcnBJ\",\n            \"aba\": \"\",\n            \"bsb\": \"\"\n            };\n        var expectBody = {\"error\": \"The swift code is not valid for the given bank country code: CN\"};\n        var expectStatus = 400;\n        testPostBank(postBody, expectBody, expectStatus, done);",
            "err": {},
            "isRoot": false,
            "uuid": "f2cca234-1aef-4272-a315-95cb7c362866",
            "isHook": false,
            "skipped": false
          },
          {
            "title": "ENT_006_Length of swift_code < 8",
            "fullTitle": "check swift_code ENT_006_Length of swift_code < 8",
            "timedOut": false,
            "duration": 628,
            "state": "passed",
            "speed": "slow",
            "pass": true,
            "fail": false,
            "pending": false,
            "code": "this.retries(1);\n        var postBody = {\n            \"payment_method\": \"SWIFT\",\n            \"bank_country_code\": \"CN\",\n            \"account_name\": \"John Smith\",\n            \"account_number\": \"123456789\",\n            \"swift_code\": \"ICBCCN\",\n            \"aba\": \"\",\n            \"bsb\": \"\"\n            };\n        var expectBody = {\"error\": \"Length of 'swift_code' should be either 8 or 11\"};\n        var expectStatus = 400;\n        testPostBank(postBody, expectBody, expectStatus, done);",
            "err": {},
            "isRoot": false,
            "uuid": "6b071aa0-d259-4eca-862e-599f9c2f5006",
            "isHook": false,
            "skipped": false
          },
          {
            "title": "ENT_007_Length of swift_code > 8 and < 11",
            "fullTitle": "check swift_code ENT_007_Length of swift_code > 8 and < 11",
            "timedOut": false,
            "duration": 0,
            "state": "failed",
            "pass": false,
            "fail": true,
            "pending": false,
            "code": "this.retries(1);\n        var postBody = {\n            \"payment_method\": \"SWIFT\",\n            \"bank_country_code\": \"CN\",\n            \"account_name\": \"John Smith\",\n            \"account_number\": \"123456789\",\n            \"swift_code\": \"ICBKCNBJa\",\n            \"aba\": \"\",\n            \"bsb\": \"\"\n            };\n        var expectBody = {\"error\": \"Length of 'swift_code' should be either 8 or 11\"};\n        var expectStatus = 400;\n        testPostBank(postBody, expectBody, expectStatus, done);",
            "err": {
              "message": "AssertionError: expected 200 to equal 400",
              "estack": "AssertionError: expected 200 to equal 400\n    at Test.<anonymous> (library\\postFunction.js:15:29)\n    at Test.assert (node_modules\\supertest\\lib\\test.js:181:6)\n    at localAssert (node_modules\\supertest\\lib\\test.js:131:12)\n    at C:\\me\\github\\airwallex\\node_modules\\supertest\\lib\\test.js:128:5\n    at Test.Request.callback (node_modules\\superagent\\lib\\node\\index.js:814:12)\n    at parser (node_modules\\superagent\\lib\\node\\index.js:1036:18)\n    at IncomingMessage.res.on (node_modules\\superagent\\lib\\node\\parsers\\json.js:19:7)\n    at endReadableNT (_stream_readable.js:1056:12)\n    at _combinedTickCallback (internal/process/next_tick.js:138:11)\n    at process._tickCallback (internal/process/next_tick.js:180:9)",
              "diff": "- 200\n+ 400\n"
            },
            "isRoot": false,
            "uuid": "ded1c9f4-9639-4b49-a47c-81354bfa3f96",
            "isHook": false,
            "skipped": false
          },
          {
            "title": "ENT_008_Length of swift_code > 11",
            "fullTitle": "check swift_code ENT_008_Length of swift_code > 11",
            "timedOut": false,
            "duration": 688,
            "state": "passed",
            "speed": "slow",
            "pass": true,
            "fail": false,
            "pending": false,
            "code": "this.retries(1);\n        var postBody = {\n            \"payment_method\": \"SWIFT\",\n            \"bank_country_code\": \"CN\",\n            \"account_name\": \"John Smith\",\n            \"account_number\": \"123456\",\n            \"swift_code\": \"ICBKCNBJaaaa\",\n            \"aba\": \"\",\n            \"bsb\": \"\"\n            };\n        var expectBody = {\"error\": \"Length of 'swift_code' should be either 8 or 11\"};\n        var expectStatus = 400;\n        testPostBank(postBody, expectBody, expectStatus, done);",
            "err": {},
            "isRoot": false,
            "uuid": "16c135fe-6548-40b5-9d08-2c9ec10f75a9",
            "isHook": false,
            "skipped": false
          },
          {
            "title": "ENT_009_Length of swift_code = 11 success-Bank details saved",
            "fullTitle": "check swift_code ENT_009_Length of swift_code = 11 success-Bank details saved",
            "timedOut": false,
            "duration": 471,
            "state": "passed",
            "speed": "slow",
            "pass": true,
            "fail": false,
            "pending": false,
            "code": "this.retries(1);\n        var postBody = {\n            \"payment_method\": \"SWIFT\",\n            \"bank_country_code\": \"US\",\n            \"account_name\": \"John Smith\",\n            \"account_number\": \"123456\",\n            \"swift_code\": \"ICBKUSBJaaa\",\n            \"aba\": \"11122233A\",\n            \"bsb\": \"\"\n            };\n        var expectBody = {\"success\": \"Bank details saved\"};\n        var expectStatus = 200;\n        testPostBank(postBody, expectBody, expectStatus, done);",
            "err": {},
            "isRoot": false,
            "uuid": "ccc61f0f-a6b3-482a-bdba-718541cefe88",
            "isHook": false,
            "skipped": false
          },
          {
            "title": "ENT_010_Length of swift_code = 8 success-Bank details saved",
            "fullTitle": "check swift_code ENT_010_Length of swift_code = 8 success-Bank details saved",
            "timedOut": false,
            "duration": 0,
            "state": "failed",
            "pass": false,
            "fail": true,
            "pending": false,
            "code": "this.retries(1);\n        var postBody = {\n            \"payment_method\": \"SWIFT\",\n            \"bank_country_code\": \"CN\",\n            \"account_name\": \"John\",\n            \"account_number\": \"1234567890123456789\",\n            \"swift_code\": \"ICB&CNB1\",\n            \"aba\": \"\",\n            \"bsb\": \"1。@aA中\"\n            };\n        var expectBody = {\"success\": \"Bank details saved\"};\n        var expectStatus = 200;\n        testPostBank(postBody, expectBody, expectStatus, done);",
            "err": {
              "message": "AssertionError: expected 400 to equal 200",
              "estack": "AssertionError: expected 400 to equal 200\n    at Test.<anonymous> (library\\postFunction.js:15:29)\n    at Test.assert (node_modules\\supertest\\lib\\test.js:181:6)\n    at localAssert (node_modules\\supertest\\lib\\test.js:131:12)\n    at C:\\me\\github\\airwallex\\node_modules\\supertest\\lib\\test.js:128:5\n    at Test.Request.callback (node_modules\\superagent\\lib\\node\\index.js:826:3)\n    at parser (node_modules\\superagent\\lib\\node\\index.js:1036:18)\n    at IncomingMessage.res.on (node_modules\\superagent\\lib\\node\\parsers\\json.js:19:7)\n    at endReadableNT (_stream_readable.js:1056:12)\n    at _combinedTickCallback (internal/process/next_tick.js:138:11)\n    at process._tickCallback (internal/process/next_tick.js:180:9)",
              "diff": "- 400\n+ 200\n"
            },
            "isRoot": false,
            "uuid": "49213dfa-b582-4d7f-8c72-e1c2464ffbac",
            "isHook": false,
            "skipped": false
          }
        ],
        "suites": [],
        "passes": [
          "a3ded8be-0de4-4290-ad75-ee4fe5dfc09e",
          "0d0e47e4-e132-4e57-87b7-dfa9bca7c0ff",
          "cddb732e-4a06-46f0-a58c-b8502c318d87",
          "46560af1-751d-42c5-8586-3ecbc57d7e62",
          "f2cca234-1aef-4272-a315-95cb7c362866",
          "6b071aa0-d259-4eca-862e-599f9c2f5006",
          "16c135fe-6548-40b5-9d08-2c9ec10f75a9",
          "ccc61f0f-a6b3-482a-bdba-718541cefe88"
        ],
        "failures": [
          "ded1c9f4-9639-4b49-a47c-81354bfa3f96",
          "49213dfa-b582-4d7f-8c72-e1c2464ffbac"
        ],
        "pending": [],
        "skipped": [],
        "duration": null,
        "root": false,
        "rootEmpty": false,
        "_timeout": 2000
      },
      {
        "uuid": "e1d36b01-f304-4b7e-a910-b002a6e7999f",
        "title": "check bsb",
        "fullFile": "C:\\me\\github\\airwallex\\test\\bankPost.test.js",
        "file": "\\test\\bankPost.test.js",
        "beforeHooks": [],
        "afterHooks": [],
        "tests": [
          {
            "title": "ENT_001_bsb is required when bank country code is AU",
            "fullTitle": "check bsb ENT_001_bsb is required when bank country code is AU",
            "timedOut": false,
            "duration": 608,
            "state": "passed",
            "speed": "slow",
            "pass": true,
            "fail": false,
            "pending": false,
            "code": "this.retries(1);\n        var postBody = {\n            \"payment_method\": \"LOCAL\",\n            \"bank_country_code\": \"AU\",\n            \"account_name\": \"John Smith\",\n            \"account_number\": \"123456\",\n            \"swift_code\": \"\",\n            \"aba\": \"\",\n            \"bsb\": \"\"\n            };\n        var expectBody = {\"error\": \"'bsb' is required when bank country code is 'AU'\"};\n        var expectStatus = 400;\n        testPostBank(postBody, expectBody, expectStatus, done);",
            "err": {},
            "isRoot": false,
            "uuid": "180b7ad5-d6f7-4c5d-9c1e-9dba28b23ed2",
            "isHook": false,
            "skipped": false
          },
          {
            "title": "ENT_002_Length of bsb < 6",
            "fullTitle": "check bsb ENT_002_Length of bsb < 6",
            "timedOut": false,
            "duration": 656,
            "state": "passed",
            "speed": "slow",
            "pass": true,
            "fail": false,
            "pending": false,
            "code": "this.retries(1);\n        var postBody = {\n            \"payment_method\": \"LOCAL\",\n            \"bank_country_code\": \"AU\",\n            \"account_name\": \"John Smith\",\n            \"account_number\": \"123456\",\n            \"swift_code\": \"\",\n            \"aba\": \"\",\n            \"bsb\": \"12345\"\n            };\n        var expectBody = {\"error\": \"Length of 'bsb' should be 6\"};\n        var expectStatus = 400;\n        testPostBank(postBody, expectBody, expectStatus, done);",
            "err": {},
            "isRoot": false,
            "uuid": "f61bdd8f-8856-4ffb-9950-6e27e4e0b8f4",
            "isHook": false,
            "skipped": false
          },
          {
            "title": "ENT_003_Length of bsb > 6",
            "fullTitle": "check bsb ENT_003_Length of bsb > 6",
            "timedOut": false,
            "duration": 673,
            "state": "passed",
            "speed": "slow",
            "pass": true,
            "fail": false,
            "pending": false,
            "code": "this.retries(1);\n        var postBody = {\n            \"payment_method\": \"LOCAL\",\n            \"bank_country_code\": \"AU\",\n            \"account_name\": \"John Smith\",\n            \"account_number\": \"123456\",\n            \"swift_code\": \"\",\n            \"aba\": \"\",\n            \"bsb\": \"1234567\"\n            };\n        var expectBody = {\"error\": \"Length of 'bsb' should be 6\"};\n        var expectStatus = 400;\n        testPostBank(postBody, expectBody, expectStatus, done);",
            "err": {},
            "isRoot": false,
            "uuid": "10cda7df-4291-4e3a-a2a5-b030e152c904",
            "isHook": false,
            "skipped": false
          },
          {
            "title": "ENT_004_Length of bsb = 6 success-Bank details saved",
            "fullTitle": "check bsb ENT_004_Length of bsb = 6 success-Bank details saved",
            "timedOut": false,
            "duration": 666,
            "state": "passed",
            "speed": "slow",
            "pass": true,
            "fail": false,
            "pending": false,
            "code": "this.retries(1);\n        var postBody = {\n            \"payment_method\": \"LOCAL\",\n            \"bank_country_code\": \"AU\",\n            \"account_name\": \"John Smith\",\n            \"account_number\": \"123456\",\n            \"swift_code\": \"\",\n            \"aba\": \"11122233A\",\n            \"bsb\": \"123456\"\n            };\n        var expectBody = {\"success\": \"Bank details saved\"};\n        var expectStatus = 200;\n        testPostBank(postBody, expectBody, expectStatus, done);",
            "err": {},
            "isRoot": false,
            "uuid": "222cfd05-1857-4e2d-92b0-af55e919015d",
            "isHook": false,
            "skipped": false
          }
        ],
        "suites": [],
        "passes": [
          "180b7ad5-d6f7-4c5d-9c1e-9dba28b23ed2",
          "f61bdd8f-8856-4ffb-9950-6e27e4e0b8f4",
          "10cda7df-4291-4e3a-a2a5-b030e152c904",
          "222cfd05-1857-4e2d-92b0-af55e919015d"
        ],
        "failures": [],
        "pending": [],
        "skipped": [],
        "duration": 2603,
        "root": false,
        "rootEmpty": false,
        "_timeout": 2000
      },
      {
        "uuid": "b3d50e77-b013-4e92-abb0-5248e1bb9e9b",
        "title": "check aba",
        "fullFile": "C:\\me\\github\\airwallex\\test\\bankPost.test.js",
        "file": "\\test\\bankPost.test.js",
        "beforeHooks": [],
        "afterHooks": [],
        "tests": [
          {
            "title": "ENT_001_aba is required when bank country code is US",
            "fullTitle": "check aba ENT_001_aba is required when bank country code is US",
            "timedOut": false,
            "duration": 0,
            "state": "failed",
            "pass": false,
            "fail": true,
            "pending": false,
            "code": "this.retries(1);\n        var postBody = {\n            \"payment_method\": \"LOCAL\",\n            \"bank_country_code\": \"US\",\n            \"account_name\": \"John Smith\",\n            \"account_number\": \"123456\",\n            \"swift_code\": \"\",\n            \"aba\": \"\",\n            \"bsb\": \"\"\n            };\n        var expectBody = {\"error\": \"'aba' is required when bank country code is 'US'\"};\n        var expectStatus = 400;\n        testPostBank(postBody, expectBody, expectStatus, done);",
            "err": {
              "message": "AssertionError: expected 200 to equal 400",
              "estack": "AssertionError: expected 200 to equal 400\n    at Test.<anonymous> (library\\postFunction.js:15:29)\n    at Test.assert (node_modules\\supertest\\lib\\test.js:181:6)\n    at localAssert (node_modules\\supertest\\lib\\test.js:131:12)\n    at C:\\me\\github\\airwallex\\node_modules\\supertest\\lib\\test.js:128:5\n    at Test.Request.callback (node_modules\\superagent\\lib\\node\\index.js:814:12)\n    at parser (node_modules\\superagent\\lib\\node\\index.js:1036:18)\n    at IncomingMessage.res.on (node_modules\\superagent\\lib\\node\\parsers\\json.js:19:7)\n    at endReadableNT (_stream_readable.js:1056:12)\n    at _combinedTickCallback (internal/process/next_tick.js:138:11)\n    at process._tickCallback (internal/process/next_tick.js:180:9)",
              "diff": "- 200\n+ 400\n"
            },
            "isRoot": false,
            "uuid": "a550c57b-c4f7-400f-9185-092a53797a14",
            "isHook": false,
            "skipped": false
          },
          {
            "title": "ENT_002_Length of aba > 9",
            "fullTitle": "check aba ENT_002_Length of aba > 9",
            "timedOut": false,
            "duration": 608,
            "state": "passed",
            "speed": "slow",
            "pass": true,
            "fail": false,
            "pending": false,
            "code": "this.retries(1);\n        var postBody = {\n            \"payment_method\": \"LOCAL\",\n            \"bank_country_code\": \"US\",\n            \"account_name\": \"John Smith\",\n            \"account_number\": \"123456\",\n            \"swift_code\": \"\",\n            \"aba\": \"1234567890\",\n            \"bsb\": \"\"\n            };\n        var expectBody = {\"error\": \"Length of 'aba' should be 9\"};\n        var expectStatus = 400;\n        testPostBank(postBody, expectBody, expectStatus, done);",
            "err": {},
            "isRoot": false,
            "uuid": "d231c6ba-68c3-41d2-b372-89d433ec7031",
            "isHook": false,
            "skipped": false
          },
          {
            "title": "ENT_003_Length of aba < 9",
            "fullTitle": "check aba ENT_003_Length of aba < 9",
            "timedOut": false,
            "duration": 1560,
            "state": "passed",
            "speed": "slow",
            "pass": true,
            "fail": false,
            "pending": false,
            "code": "this.retries(1);\n        var postBody = {\n            \"payment_method\": \"LOCAL\",\n            \"bank_country_code\": \"US\",\n            \"account_name\": \"John Smith\",\n            \"account_number\": \"123456\",\n            \"swift_code\": \"\",\n            \"aba\": \"12345678\",\n            \"bsb\": \"\"\n            };\n        var expectBody = {\"error\": \"Length of 'aba' should be 9\"};\n        var expectStatus = 400;\n        testPostBank(postBody, expectBody, expectStatus, done);",
            "err": {},
            "isRoot": false,
            "uuid": "7b3cd754-0722-4776-85b1-c516500b3955",
            "isHook": false,
            "skipped": false
          },
          {
            "title": "ENT_004_Length of aba = 9 success-Bank details saved",
            "fullTitle": "check aba ENT_004_Length of aba = 9 success-Bank details saved",
            "timedOut": false,
            "duration": 468,
            "state": "passed",
            "speed": "slow",
            "pass": true,
            "fail": false,
            "pending": false,
            "code": "this.retries(1);\n        var postBody = {\n            \"payment_method\": \"LOCAL\",\n            \"bank_country_code\": \"US\",\n            \"account_name\": \"John Smith\",\n            \"account_number\": \"123456\",\n            \"swift_code\": \"\",\n            \"aba\": \"123456789\",\n            \"bsb\": \"1。@aA中\"\n            };\n        var expectBody = {\"success\": \"Bank details saved\"};\n        var expectStatus = 200;\n        testPostBank(postBody, expectBody, expectStatus, done);",
            "err": {},
            "isRoot": false,
            "uuid": "7fb53c62-7b53-4bdf-881d-8783c631ad86",
            "isHook": false,
            "skipped": false
          }
        ],
        "suites": [],
        "passes": [
          "d231c6ba-68c3-41d2-b372-89d433ec7031",
          "7b3cd754-0722-4776-85b1-c516500b3955",
          "7fb53c62-7b53-4bdf-881d-8783c631ad86"
        ],
        "failures": [
          "a550c57b-c4f7-400f-9185-092a53797a14"
        ],
        "pending": [],
        "skipped": [],
        "duration": null,
        "root": false,
        "rootEmpty": false,
        "_timeout": 2000
      }
    ],
    "passes": [],
    "failures": [],
    "pending": [],
    "skipped": [],
    "duration": 0,
    "root": true,
    "rootEmpty": true,
    "_timeout": 2000
  },
  "copyrightYear": 2019
}